Parameters of Model_0:
encoder.imu_cnn_layers.features.0.weight: torch.Size([64, 1, 2, 2]) - mean: 0.00908367708325386, std: 0.2946573793888092
encoder.imu_cnn_layers.features.0.bias: torch.Size([64]) - mean: 0.07237216830253601, std: 0.23177140951156616
encoder.imu_cnn_layers.features.1.weight: torch.Size([64]) - mean: 0.9875456094741821, std: 0.028213055804371834
encoder.imu_cnn_layers.features.1.bias: torch.Size([64]) - mean: -0.007130207493901253, std: 0.036383893340826035
encoder.imu_cnn_layers.features.4.weight: torch.Size([64, 64, 2, 2]) - mean: -0.001430730102583766, std: 0.04964868724346161
encoder.imu_cnn_layers.features.4.bias: torch.Size([64]) - mean: 0.010485494509339333, std: 0.03555753827095032
encoder.imu_cnn_layers.features.5.weight: torch.Size([64]) - mean: 0.9881240129470825, std: 0.026234691962599754
encoder.imu_cnn_layers.features.5.bias: torch.Size([64]) - mean: -0.0007843640632927418, std: 0.03239947184920311
encoder.imu_cnn_layers.features.8.weight: torch.Size([32, 64, 1, 1]) - mean: -0.004769754596054554, std: 0.09675733000040054
encoder.imu_cnn_layers.features.8.bias: torch.Size([32]) - mean: -0.003510983195155859, std: 0.07498405873775482
encoder.imu_cnn_layers.features.9.weight: torch.Size([32]) - mean: 0.9880609512329102, std: 0.041870854794979095
encoder.imu_cnn_layers.features.9.bias: torch.Size([32]) - mean: 0.04271342605352402, std: 0.054918643087148666
encoder.imu_cnn_layers.features.12.weight: torch.Size([16, 32, 1, 1]) - mean: -0.012102644890546799, std: 0.14545278251171112
encoder.imu_cnn_layers.features.12.bias: torch.Size([16]) - mean: -0.04066641628742218, std: 0.10777799040079117
encoder.imu_cnn_layers.features.13.weight: torch.Size([16]) - mean: 0.9732881188392639, std: 0.1840621680021286
encoder.imu_cnn_layers.features.13.bias: torch.Size([16]) - mean: 0.10011744499206543, std: 0.10306188464164734
head_1.0.weight: torch.Size([1280, 7552]) - mean: 6.417008080461528e-06, std: 0.00875947717577219
head_1.0.bias: torch.Size([1280]) - mean: -0.0005491041811183095, std: 0.006590553559362888
head_1.1.weight: torch.Size([1280]) - mean: 0.9875311255455017, std: 0.00571583304554224
head_1.1.bias: torch.Size([1280]) - mean: -0.0006856617401354015, std: 0.005595328286290169
head_1.3.weight: torch.Size([128, 1280]) - mean: 5.249949390417896e-05, std: 0.023251986131072044
head_1.3.bias: torch.Size([128]) - mean: 0.0005359144997783005, std: 0.020363401621580124

Parameters of Model_1:
encoder.imu_cnn_layers.features.0.weight: torch.Size([64, 1, 2, 2]) - mean: -0.017753757536411285, std: 0.2929036021232605
encoder.imu_cnn_layers.features.0.bias: torch.Size([64]) - mean: 0.005314283072948456, std: 0.30314889550209045
encoder.imu_cnn_layers.features.1.weight: torch.Size([64]) - mean: 0.9873720407485962, std: 0.027242712676525116
encoder.imu_cnn_layers.features.1.bias: torch.Size([64]) - mean: 0.01200888305902481, std: 0.03723135218024254
encoder.imu_cnn_layers.features.4.weight: torch.Size([64, 64, 2, 2]) - mean: -0.0015068482607603073, std: 0.04913356155157089
encoder.imu_cnn_layers.features.4.bias: torch.Size([64]) - mean: 0.004179940093308687, std: 0.0350254625082016
encoder.imu_cnn_layers.features.5.weight: torch.Size([64]) - mean: 0.9872450232505798, std: 0.03463895991444588
encoder.imu_cnn_layers.features.5.bias: torch.Size([64]) - mean: 0.004164803307503462, std: 0.04766517132520676
encoder.imu_cnn_layers.features.8.weight: torch.Size([32, 64, 1, 1]) - mean: -0.0027161617763340473, std: 0.09533364325761795
encoder.imu_cnn_layers.features.8.bias: torch.Size([32]) - mean: -0.013049774803221226, std: 0.07365414500236511
encoder.imu_cnn_layers.features.9.weight: torch.Size([32]) - mean: 0.9885361194610596, std: 0.04336092248558998
encoder.imu_cnn_layers.features.9.bias: torch.Size([32]) - mean: 0.035522785037755966, std: 0.05048789829015732
encoder.imu_cnn_layers.features.12.weight: torch.Size([16, 32, 1, 1]) - mean: -0.023140057921409607, std: 0.14316445589065552
encoder.imu_cnn_layers.features.12.bias: torch.Size([16]) - mean: 0.0018827039748430252, std: 0.09523122757673264
encoder.imu_cnn_layers.features.13.weight: torch.Size([16]) - mean: 0.9725567102432251, std: 0.18459156155586243
encoder.imu_cnn_layers.features.13.bias: torch.Size([16]) - mean: 0.09332894533872604, std: 0.11729632318019867
head_1.0.weight: torch.Size([1280, 7552]) - mean: 1.8240607460029423e-05, std: 0.008893540129065514
head_1.0.bias: torch.Size([1280]) - mean: -0.00022356491535902023, std: 0.006529994774609804
head_1.1.weight: torch.Size([1280]) - mean: 0.9875345230102539, std: 0.005645750090479851
head_1.1.bias: torch.Size([1280]) - mean: -0.000906656903680414, std: 0.005020278971642256
head_1.3.weight: torch.Size([128, 1280]) - mean: -5.3217518143355846e-05, std: 0.02339874766767025
head_1.3.bias: torch.Size([128]) - mean: 1.533175236545503e-05, std: 0.017388999462127686

Parameters of Model_2:
encoder.skeleton_cnn_layers.features.0.weight: torch.Size([64, 1, 5, 5, 2]) - mean: 0.002174502005800605, std: 0.10356847196817398
encoder.skeleton_cnn_layers.features.0.bias: torch.Size([64]) - mean: 0.019060250371694565, std: 0.07891236990690231
encoder.skeleton_cnn_layers.features.1.weight: torch.Size([64]) - mean: 0.986513614654541, std: 0.04023182764649391
encoder.skeleton_cnn_layers.features.1.bias: torch.Size([64]) - mean: -0.0479486808180809, std: 0.04435662925243378
encoder.skeleton_cnn_layers.features.4.weight: torch.Size([64, 64, 5, 5, 2]) - mean: 8.830525621306151e-05, std: 0.021362412720918655
encoder.skeleton_cnn_layers.features.4.bias: torch.Size([64]) - mean: 0.0007968591526150703, std: 0.009822717867791653
encoder.skeleton_cnn_layers.features.5.weight: torch.Size([64]) - mean: 0.9879693984985352, std: 0.039294786751270294
encoder.skeleton_cnn_layers.features.5.bias: torch.Size([64]) - mean: -0.02566763013601303, std: 0.03374260663986206
encoder.skeleton_cnn_layers.features.8.weight: torch.Size([32, 64, 5, 5, 1]) - mean: -0.0017631974769756198, std: 0.03593648225069046
encoder.skeleton_cnn_layers.features.8.bias: torch.Size([32]) - mean: -0.0011485075810924172, std: 0.011602014303207397
encoder.skeleton_cnn_layers.features.9.weight: torch.Size([32]) - mean: 0.9900176525115967, std: 0.06452690064907074
encoder.skeleton_cnn_layers.features.9.bias: torch.Size([32]) - mean: 0.004097489174455404, std: 0.06622873246669769
encoder.skeleton_cnn_layers.features.12.weight: torch.Size([16, 32, 5, 2, 1]) - mean: -0.011256988160312176, std: 0.07483559846878052
encoder.skeleton_cnn_layers.features.12.bias: torch.Size([16]) - mean: -0.009811240248382092, std: 0.03712836652994156
encoder.skeleton_cnn_layers.features.13.weight: torch.Size([16]) - mean: 0.9968061447143555, std: 0.10851971060037613
encoder.skeleton_cnn_layers.features.13.bias: torch.Size([16]) - mean: 0.04246711730957031, std: 0.07461126148700714
head_2.0.weight: torch.Size([1280, 2688]) - mean: 5.207359936321154e-05, std: 0.013019394129514694
head_2.0.bias: torch.Size([1280]) - mean: -0.00013410796236712486, std: 0.010826113633811474
head_2.1.weight: torch.Size([1280]) - mean: 0.9875255823135376, std: 0.0056916470639407635
head_2.1.bias: torch.Size([1280]) - mean: 0.0013177829096093774, std: 0.005907100159674883
head_2.3.weight: torch.Size([128, 1280]) - mean: 0.00023238305584527552, std: 0.023661170154809952
head_2.3.bias: torch.Size([128]) - mean: 0.004182129167020321, std: 0.02294580638408661

Parameters of Model_3:
encoder.skeleton_cnn_layers.features.0.weight: torch.Size([64, 1, 5, 5, 2]) - mean: 0.00541383633390069, std: 0.10297844558954239
encoder.skeleton_cnn_layers.features.0.bias: torch.Size([64]) - mean: 0.002735622227191925, std: 0.08970072120428085
encoder.skeleton_cnn_layers.features.1.weight: torch.Size([64]) - mean: 0.9867134094238281, std: 0.04114433005452156
encoder.skeleton_cnn_layers.features.1.bias: torch.Size([64]) - mean: -0.04480334743857384, std: 0.03993784636259079
encoder.skeleton_cnn_layers.features.4.weight: torch.Size([64, 64, 5, 5, 2]) - mean: 0.00028568998095579445, std: 0.02063046023249626
encoder.skeleton_cnn_layers.features.4.bias: torch.Size([64]) - mean: 0.00048042857088148594, std: 0.01077582873404026
encoder.skeleton_cnn_layers.features.5.weight: torch.Size([64]) - mean: 0.9867645502090454, std: 0.04396868869662285
encoder.skeleton_cnn_layers.features.5.bias: torch.Size([64]) - mean: -0.03481975942850113, std: 0.045647986233234406
encoder.skeleton_cnn_layers.features.8.weight: torch.Size([32, 64, 5, 5, 1]) - mean: -0.0007598274969495833, std: 0.035046160221099854
encoder.skeleton_cnn_layers.features.8.bias: torch.Size([32]) - mean: 2.7578556910157204e-05, std: 0.012780924327671528
encoder.skeleton_cnn_layers.features.9.weight: torch.Size([32]) - mean: 0.988670825958252, std: 0.07063260674476624
encoder.skeleton_cnn_layers.features.9.bias: torch.Size([32]) - mean: -0.011475265957415104, std: 0.07058940082788467
encoder.skeleton_cnn_layers.features.12.weight: torch.Size([16, 32, 5, 2, 1]) - mean: -0.010225058533251286, std: 0.07468722760677338
encoder.skeleton_cnn_layers.features.12.bias: torch.Size([16]) - mean: -0.0020456132479012012, std: 0.037419892847537994
encoder.skeleton_cnn_layers.features.13.weight: torch.Size([16]) - mean: 0.9955227375030518, std: 0.12259311974048615
encoder.skeleton_cnn_layers.features.13.bias: torch.Size([16]) - mean: -0.014439115300774574, std: 0.055456262081861496
head_2.0.weight: torch.Size([1280, 2688]) - mean: 1.4679135347250849e-05, std: 0.013006951659917831
head_2.0.bias: torch.Size([1280]) - mean: -0.00015505529881920666, std: 0.011353181675076485
head_2.1.weight: torch.Size([1280]) - mean: 0.987527072429657, std: 0.0056843021884560585
head_2.1.bias: torch.Size([1280]) - mean: 0.0008987872279249132, std: 0.0060279713943600655
head_2.3.weight: torch.Size([128, 1280]) - mean: 0.00016081843932624906, std: 0.02362271025776863
head_2.3.bias: torch.Size([128]) - mean: -0.0009084084304049611, std: 0.020812764763832092

Parameters of Model_4:
encoder.imu_cnn_layers.features.0.weight: torch.Size([64, 1, 2, 2]) - mean: 0.008016971871256828, std: 0.2939643859863281
encoder.imu_cnn_layers.features.0.bias: torch.Size([64]) - mean: -0.030589383095502853, std: 0.28297752141952515
encoder.imu_cnn_layers.features.1.weight: torch.Size([64]) - mean: 0.9874037504196167, std: 0.017100811004638672
encoder.imu_cnn_layers.features.1.bias: torch.Size([64]) - mean: -0.008105515502393246, std: 0.019216347485780716
encoder.imu_cnn_layers.features.4.weight: torch.Size([64, 64, 2, 2]) - mean: -0.001022289739921689, std: 0.041189201176166534
encoder.imu_cnn_layers.features.4.bias: torch.Size([64]) - mean: 0.00682185310870409, std: 0.032870735973119736
encoder.imu_cnn_layers.features.5.weight: torch.Size([64]) - mean: 0.9875096082687378, std: 0.015788987278938293
encoder.imu_cnn_layers.features.5.bias: torch.Size([64]) - mean: -0.006202511955052614, std: 0.017864467576146126
encoder.imu_cnn_layers.features.8.weight: torch.Size([32, 64, 1, 1]) - mean: 0.0006122107733972371, std: 0.08063894510269165
encoder.imu_cnn_layers.features.8.bias: torch.Size([32]) - mean: 0.0026599252596497536, std: 0.0706946924328804
encoder.imu_cnn_layers.features.9.weight: torch.Size([32]) - mean: 0.9875562191009521, std: 0.023010745644569397
encoder.imu_cnn_layers.features.9.bias: torch.Size([32]) - mean: 0.008469602093100548, std: 0.026882482692599297
encoder.imu_cnn_layers.features.12.weight: torch.Size([16, 32, 1, 1]) - mean: -0.003736030776053667, std: 0.11399244517087936
encoder.imu_cnn_layers.features.12.bias: torch.Size([16]) - mean: 0.017419010400772095, std: 0.08851203322410583
encoder.imu_cnn_layers.features.13.weight: torch.Size([16]) - mean: 0.9821760654449463, std: 0.08474064618349075
encoder.imu_cnn_layers.features.13.bias: torch.Size([16]) - mean: 0.06873750686645508, std: 0.051251087337732315
encoder.skeleton_cnn_layers.features.0.weight: torch.Size([64, 1, 5, 5, 2]) - mean: 0.0016231124754995108, std: 0.08820732682943344
encoder.skeleton_cnn_layers.features.0.bias: torch.Size([64]) - mean: -0.027455877512693405, std: 0.08215954154729843
encoder.skeleton_cnn_layers.features.1.weight: torch.Size([64]) - mean: 0.987189769744873, std: 0.02255169115960598
encoder.skeleton_cnn_layers.features.1.bias: torch.Size([64]) - mean: -0.020444130524992943, std: 0.01847255975008011
encoder.skeleton_cnn_layers.features.4.weight: torch.Size([64, 64, 5, 5, 2]) - mean: 8.658766455482692e-05, std: 0.015268399380147457
encoder.skeleton_cnn_layers.features.4.bias: torch.Size([64]) - mean: 0.00018245039973407984, std: 0.010321156121790409
encoder.skeleton_cnn_layers.features.5.weight: torch.Size([64]) - mean: 0.9874049425125122, std: 0.019769631326198578
encoder.skeleton_cnn_layers.features.5.bias: torch.Size([64]) - mean: -0.013304107822477818, std: 0.020621739327907562
encoder.skeleton_cnn_layers.features.8.weight: torch.Size([32, 64, 5, 5, 1]) - mean: -0.0004959454527124763, std: 0.025017857551574707
encoder.skeleton_cnn_layers.features.8.bias: torch.Size([32]) - mean: -0.00198794505558908, std: 0.016202647238969803
encoder.skeleton_cnn_layers.features.9.weight: torch.Size([32]) - mean: 0.9875181913375854, std: 0.0361059345304966
encoder.skeleton_cnn_layers.features.9.bias: torch.Size([32]) - mean: -0.012567821890115738, std: 0.034237246960401535
encoder.skeleton_cnn_layers.features.12.weight: torch.Size([16, 32, 5, 2, 1]) - mean: -0.005696743261069059, std: 0.05341813340783119
encoder.skeleton_cnn_layers.features.12.bias: torch.Size([16]) - mean: 0.008419106714427471, std: 0.033956002444028854
encoder.skeleton_cnn_layers.features.13.weight: torch.Size([16]) - mean: 0.9867849946022034, std: 0.08302699029445648
encoder.skeleton_cnn_layers.features.13.bias: torch.Size([16]) - mean: 0.007120441645383835, std: 0.04376157373189926
head_1.0.weight: torch.Size([1280, 7552]) - mean: -4.502262072492158e-06, std: 0.007560583762824535
head_1.0.bias: torch.Size([1280]) - mean: 3.773675416596234e-05, std: 0.006544227246195078
head_1.1.weight: torch.Size([1280]) - mean: 0.9875295758247375, std: 0.0025905799120664597
head_1.1.bias: torch.Size([1280]) - mean: -0.0002974045346491039, std: 0.0024750663433223963
head_1.3.weight: torch.Size([128, 1280]) - mean: 1.4667154573544394e-05, std: 0.019149860367178917
head_1.3.bias: torch.Size([128]) - mean: -0.0003184917150065303, std: 0.01688908040523529
head_2.0.weight: torch.Size([1280, 2688]) - mean: 1.1510328477015719e-05, std: 0.011873320676386356
head_2.0.bias: torch.Size([1280]) - mean: -0.0005033931229263544, std: 0.010959316976368427
head_2.1.weight: torch.Size([1280]) - mean: 0.9875264167785645, std: 0.00288331788033247
head_2.1.bias: torch.Size([1280]) - mean: 4.0225288103101775e-05, std: 0.002738689072430134
head_2.3.weight: torch.Size([128, 1280]) - mean: -2.192499778175261e-05, std: 0.01957039162516594
head_2.3.bias: torch.Size([128]) - mean: -0.0008703474886715412, std: 0.017886731773614883

Parameters of Model_0:
encoder.imu_cnn_layers.features.0.weight: torch.Size([64, 1, 2, 2]) - mean: 0.00747708510607481, std: 0.2941480875015259
encoder.imu_cnn_layers.features.0.bias: torch.Size([64]) - mean: 0.07237216830253601, std: 0.23177143931388855
encoder.imu_cnn_layers.features.1.weight: torch.Size([64]) - mean: 0.9873462915420532, std: 0.03067062236368656
encoder.imu_cnn_layers.features.1.bias: torch.Size([64]) - mean: 0.00431104376912117, std: 0.03733835369348526
encoder.imu_cnn_layers.features.4.weight: torch.Size([64, 64, 2, 2]) - mean: -0.002805376425385475, std: 0.04880305007100105
encoder.imu_cnn_layers.features.4.bias: torch.Size([64]) - mean: 0.010485496371984482, std: 0.03555753827095032
encoder.imu_cnn_layers.features.5.weight: torch.Size([64]) - mean: 0.9877485036849976, std: 0.031176013872027397
encoder.imu_cnn_layers.features.5.bias: torch.Size([64]) - mean: 0.000882948748767376, std: 0.03751934692263603
encoder.imu_cnn_layers.features.8.weight: torch.Size([32, 64, 1, 1]) - mean: -0.004773556254804134, std: 0.09568041563034058
encoder.imu_cnn_layers.features.8.bias: torch.Size([32]) - mean: -0.0035109894815832376, std: 0.07498406618833542
encoder.imu_cnn_layers.features.9.weight: torch.Size([32]) - mean: 0.9889947175979614, std: 0.03637250140309334
encoder.imu_cnn_layers.features.9.bias: torch.Size([32]) - mean: 0.036588769406080246, std: 0.04394109919667244
encoder.imu_cnn_layers.features.12.weight: torch.Size([16, 32, 1, 1]) - mean: -0.016993088647723198, std: 0.14539366960525513
encoder.imu_cnn_layers.features.12.bias: torch.Size([16]) - mean: -0.040666382759809494, std: 0.10777800530195236
encoder.imu_cnn_layers.features.13.weight: torch.Size([16]) - mean: 0.979788064956665, std: 0.1517755538225174
encoder.imu_cnn_layers.features.13.bias: torch.Size([16]) - mean: 0.09933605790138245, std: 0.0839901864528656
head_1.0.weight: torch.Size([1280, 7552]) - mean: 1.8071341401082464e-05, std: 0.00875611137598753
head_1.0.bias: torch.Size([1280]) - mean: -0.0005491040064953268, std: 0.006590553093701601
head_1.1.weight: torch.Size([1280]) - mean: 0.987526535987854, std: 0.005919371731579304
head_1.1.bias: torch.Size([1280]) - mean: -0.0006466374616138637, std: 0.005765089299529791
head_1.3.weight: torch.Size([128, 1280]) - mean: 8.750923734623939e-05, std: 0.02327469177544117
head_1.3.bias: torch.Size([128]) - mean: 0.00020691321697086096, std: 0.021371910348534584

Parameters of Model_1:
encoder.imu_cnn_layers.features.0.weight: torch.Size([64, 1, 2, 2]) - mean: -0.018406696617603302, std: 0.29369911551475525
encoder.imu_cnn_layers.features.0.bias: torch.Size([64]) - mean: 0.005314284935593605, std: 0.30314889550209045
encoder.imu_cnn_layers.features.1.weight: torch.Size([64]) - mean: 0.987468957901001, std: 0.027462713420391083
encoder.imu_cnn_layers.features.1.bias: torch.Size([64]) - mean: 0.005966321565210819, std: 0.03952214866876602
encoder.imu_cnn_layers.features.4.weight: torch.Size([64, 64, 2, 2]) - mean: -0.001927609439007938, std: 0.04978709667921066
encoder.imu_cnn_layers.features.4.bias: torch.Size([64]) - mean: 0.004179937765002251, std: 0.0350254587829113
encoder.imu_cnn_layers.features.5.weight: torch.Size([64]) - mean: 0.9875310659408569, std: 0.03358369320631027
encoder.imu_cnn_layers.features.5.bias: torch.Size([64]) - mean: 0.0016901020426303148, std: 0.043822526931762695
encoder.imu_cnn_layers.features.8.weight: torch.Size([32, 64, 1, 1]) - mean: -0.0034659537486732006, std: 0.09629984945058823
encoder.imu_cnn_layers.features.8.bias: torch.Size([32]) - mean: -0.013049770146608353, std: 0.07365413755178452
encoder.imu_cnn_layers.features.9.weight: torch.Size([32]) - mean: 0.9879288673400879, std: 0.04755023121833801
encoder.imu_cnn_layers.features.9.bias: torch.Size([32]) - mean: 0.03648417070508003, std: 0.06045814976096153
encoder.imu_cnn_layers.features.12.weight: torch.Size([16, 32, 1, 1]) - mean: -0.021019063889980316, std: 0.1435776650905609
encoder.imu_cnn_layers.features.12.bias: torch.Size([16]) - mean: 0.0018826904706656933, std: 0.09523124247789383
encoder.imu_cnn_layers.features.13.weight: torch.Size([16]) - mean: 0.9731873869895935, std: 0.16419890522956848
encoder.imu_cnn_layers.features.13.bias: torch.Size([16]) - mean: 0.11204217374324799, std: 0.10972421616315842
head_1.0.weight: torch.Size([1280, 7552]) - mean: 2.084872539853677e-05, std: 0.008917364291846752
head_1.0.bias: torch.Size([1280]) - mean: -0.00022356487170327455, std: 0.006529994774609804
head_1.1.weight: torch.Size([1280]) - mean: 0.9875322580337524, std: 0.00560197327286005
head_1.1.bias: torch.Size([1280]) - mean: -0.0011348540429025888, std: 0.005201886873692274
head_1.3.weight: torch.Size([128, 1280]) - mean: 0.00012232795415911824, std: 0.023445772007107735
head_1.3.bias: torch.Size([128]) - mean: 0.000774146756157279, std: 0.018144354224205017

Parameters of Model_2:
encoder.skeleton_cnn_layers.features.0.weight: torch.Size([64, 1, 5, 5, 2]) - mean: 0.0035713762044906616, std: 0.103713259100914
encoder.skeleton_cnn_layers.features.0.bias: torch.Size([64]) - mean: 0.019060242921113968, std: 0.07891235500574112
encoder.skeleton_cnn_layers.features.1.weight: torch.Size([64]) - mean: 0.9864377379417419, std: 0.05341749265789986
encoder.skeleton_cnn_layers.features.1.bias: torch.Size([64]) - mean: -0.035967376083135605, std: 0.042029738426208496
encoder.skeleton_cnn_layers.features.4.weight: torch.Size([64, 64, 5, 5, 2]) - mean: 6.995344301685691e-05, std: 0.021502938121557236
encoder.skeleton_cnn_layers.features.4.bias: torch.Size([64]) - mean: 0.0007968583959154785, std: 0.009822716005146503
encoder.skeleton_cnn_layers.features.5.weight: torch.Size([64]) - mean: 0.987175464630127, std: 0.04739440605044365
encoder.skeleton_cnn_layers.features.5.bias: torch.Size([64]) - mean: -0.023213118314743042, std: 0.04692608863115311
encoder.skeleton_cnn_layers.features.8.weight: torch.Size([32, 64, 5, 5, 1]) - mean: -0.0015930435620248318, std: 0.03625498339533806
encoder.skeleton_cnn_layers.features.8.bias: torch.Size([32]) - mean: -0.0011485031573101878, std: 0.011602012440562248
encoder.skeleton_cnn_layers.features.9.weight: torch.Size([32]) - mean: 0.989521861076355, std: 0.058037612587213516
encoder.skeleton_cnn_layers.features.9.bias: torch.Size([32]) - mean: -0.01473325490951538, std: 0.07130204886198044
encoder.skeleton_cnn_layers.features.12.weight: torch.Size([16, 32, 5, 2, 1]) - mean: -0.009129497222602367, std: 0.07576759904623032
encoder.skeleton_cnn_layers.features.12.bias: torch.Size([16]) - mean: -0.009811223484575748, std: 0.03712837025523186
encoder.skeleton_cnn_layers.features.13.weight: torch.Size([16]) - mean: 0.9974597692489624, std: 0.10123095661401749
encoder.skeleton_cnn_layers.features.13.bias: torch.Size([16]) - mean: 0.036321550607681274, std: 0.08765420317649841
head_2.0.weight: torch.Size([1280, 2688]) - mean: -2.5675164579297416e-05, std: 0.013040484860539436
head_2.0.bias: torch.Size([1280]) - mean: -0.000134108035126701, std: 0.010826113633811474
head_2.1.weight: torch.Size([1280]) - mean: 0.9875274896621704, std: 0.005766151938587427
head_2.1.bias: torch.Size([1280]) - mean: 0.0011455983621999621, std: 0.005687725730240345
head_2.3.weight: torch.Size([128, 1280]) - mean: 0.00020202063024044037, std: 0.023706180974841118
head_2.3.bias: torch.Size([128]) - mean: 0.004259195178747177, std: 0.021229665726423264

Parameters of Model_3:
encoder.skeleton_cnn_layers.features.0.weight: torch.Size([64, 1, 5, 5, 2]) - mean: 0.004002710338681936, std: 0.10266675800085068
encoder.skeleton_cnn_layers.features.0.bias: torch.Size([64]) - mean: 0.002735631540417671, std: 0.08970071375370026
encoder.skeleton_cnn_layers.features.1.weight: torch.Size([64]) - mean: 0.9869272708892822, std: 0.04102150723338127
encoder.skeleton_cnn_layers.features.1.bias: torch.Size([64]) - mean: -0.03434547781944275, std: 0.04455314949154854
encoder.skeleton_cnn_layers.features.4.weight: torch.Size([64, 64, 5, 5, 2]) - mean: 0.00029920603265054524, std: 0.020956994965672493
encoder.skeleton_cnn_layers.features.4.bias: torch.Size([64]) - mean: 0.00048042560229077935, std: 0.01077582873404026
encoder.skeleton_cnn_layers.features.5.weight: torch.Size([64]) - mean: 0.987159252166748, std: 0.04585852846503258
encoder.skeleton_cnn_layers.features.5.bias: torch.Size([64]) - mean: -0.02866368182003498, std: 0.03801273554563522
encoder.skeleton_cnn_layers.features.8.weight: torch.Size([32, 64, 5, 5, 1]) - mean: -0.0011071909684687853, std: 0.035085394978523254
encoder.skeleton_cnn_layers.features.8.bias: torch.Size([32]) - mean: 2.7585658244788647e-05, std: 0.012780927121639252
encoder.skeleton_cnn_layers.features.9.weight: torch.Size([32]) - mean: 0.9894717931747437, std: 0.06381211429834366
encoder.skeleton_cnn_layers.features.9.bias: torch.Size([32]) - mean: -0.012334370985627174, std: 0.06631823629140854
encoder.skeleton_cnn_layers.features.12.weight: torch.Size([16, 32, 5, 2, 1]) - mean: -0.007967213168740273, std: 0.07496698200702667
encoder.skeleton_cnn_layers.features.12.bias: torch.Size([16]) - mean: -0.002045605331659317, std: 0.0374198853969574
encoder.skeleton_cnn_layers.features.13.weight: torch.Size([16]) - mean: 0.9948058128356934, std: 0.13005775213241577
encoder.skeleton_cnn_layers.features.13.bias: torch.Size([16]) - mean: 0.03934645652770996, std: 0.06407342106103897
head_2.0.weight: torch.Size([1280, 2688]) - mean: -4.253895895089954e-06, std: 0.013040702790021896
head_2.0.bias: torch.Size([1280]) - mean: -0.0001550552260596305, std: 0.011353181675076485
head_2.1.weight: torch.Size([1280]) - mean: 0.9875292778015137, std: 0.00584062747657299
head_2.1.bias: torch.Size([1280]) - mean: 0.0008479543030261993, std: 0.005902319680899382
head_2.3.weight: torch.Size([128, 1280]) - mean: 0.0001773549010977149, std: 0.02369469404220581
head_2.3.bias: torch.Size([128]) - mean: -0.0017935656942427158, std: 0.01964031718671322

Parameters of Model_4:
encoder.imu_cnn_layers.features.0.weight: torch.Size([64, 1, 2, 2]) - mean: 0.007203365210443735, std: 0.29442113637924194
encoder.imu_cnn_layers.features.0.bias: torch.Size([64]) - mean: -0.03058939054608345, std: 0.28297752141952515
encoder.imu_cnn_layers.features.1.weight: torch.Size([64]) - mean: 0.98740553855896, std: 0.017231393605470657
encoder.imu_cnn_layers.features.1.bias: torch.Size([64]) - mean: -0.003119909204542637, std: 0.019776294007897377
encoder.imu_cnn_layers.features.4.weight: torch.Size([64, 64, 2, 2]) - mean: -0.0008888074662536383, std: 0.040851373225450516
encoder.imu_cnn_layers.features.4.bias: torch.Size([64]) - mean: 0.006821850314736366, std: 0.032870735973119736
encoder.imu_cnn_layers.features.5.weight: torch.Size([64]) - mean: 0.9875470399856567, std: 0.016057739034295082
encoder.imu_cnn_layers.features.5.bias: torch.Size([64]) - mean: -0.0025998756755143404, std: 0.01550431177020073
encoder.imu_cnn_layers.features.8.weight: torch.Size([32, 64, 1, 1]) - mean: -3.5233242670074105e-05, std: 0.08019160479307175
encoder.imu_cnn_layers.features.8.bias: torch.Size([32]) - mean: 0.0026599238626658916, std: 0.0706946924328804
encoder.imu_cnn_layers.features.9.weight: torch.Size([32]) - mean: 0.9873858094215393, std: 0.025492995977401733
encoder.imu_cnn_layers.features.9.bias: torch.Size([32]) - mean: 0.014179226942360401, std: 0.027635281905531883
encoder.imu_cnn_layers.features.12.weight: torch.Size([16, 32, 1, 1]) - mean: -0.005697968415915966, std: 0.11309581249952316
encoder.imu_cnn_layers.features.12.bias: torch.Size([16]) - mean: 0.01741902157664299, std: 0.08851204812526703
encoder.imu_cnn_layers.features.13.weight: torch.Size([16]) - mean: 0.9819800853729248, std: 0.08571664988994598
encoder.imu_cnn_layers.features.13.bias: torch.Size([16]) - mean: 0.0687733143568039, std: 0.05408153310418129
encoder.skeleton_cnn_layers.features.0.weight: torch.Size([64, 1, 5, 5, 2]) - mean: 0.0009980141185224056, std: 0.08801884949207306
encoder.skeleton_cnn_layers.features.0.bias: torch.Size([64]) - mean: -0.027455877512693405, std: 0.08215954154729843
encoder.skeleton_cnn_layers.features.1.weight: torch.Size([64]) - mean: 0.9872620701789856, std: 0.02296626754105091
encoder.skeleton_cnn_layers.features.1.bias: torch.Size([64]) - mean: -0.017092043533921242, std: 0.017526503652334213
encoder.skeleton_cnn_layers.features.4.weight: torch.Size([64, 64, 5, 5, 2]) - mean: 3.1402996683027595e-05, std: 0.015261545777320862
encoder.skeleton_cnn_layers.features.4.bias: torch.Size([64]) - mean: 0.00018245034152641892, std: 0.010321157053112984
encoder.skeleton_cnn_layers.features.5.weight: torch.Size([64]) - mean: 0.9872307777404785, std: 0.02271968312561512
encoder.skeleton_cnn_layers.features.5.bias: torch.Size([64]) - mean: -0.018778178840875626, std: 0.02172105945646763
encoder.skeleton_cnn_layers.features.8.weight: torch.Size([32, 64, 5, 5, 1]) - mean: -0.00036265127710066736, std: 0.025238366797566414
encoder.skeleton_cnn_layers.features.8.bias: torch.Size([32]) - mean: -0.0019879445899277925, std: 0.016202647238969803
encoder.skeleton_cnn_layers.features.9.weight: torch.Size([32]) - mean: 0.987779974937439, std: 0.03254088759422302
encoder.skeleton_cnn_layers.features.9.bias: torch.Size([32]) - mean: -0.01686861738562584, std: 0.030043788254261017
encoder.skeleton_cnn_layers.features.12.weight: torch.Size([16, 32, 5, 2, 1]) - mean: -0.007103089243173599, std: 0.054565515369176865
encoder.skeleton_cnn_layers.features.12.bias: torch.Size([16]) - mean: 0.008419102057814598, std: 0.03395599126815796
encoder.skeleton_cnn_layers.features.13.weight: torch.Size([16]) - mean: 0.9852906465530396, std: 0.0938219279050827
encoder.skeleton_cnn_layers.features.13.bias: torch.Size([16]) - mean: 0.006732865236699581, std: 0.05036019906401634
head_1.0.weight: torch.Size([1280, 7552]) - mean: -6.418587418011157e-06, std: 0.007538715843111277
head_1.0.bias: torch.Size([1280]) - mean: 3.7736783269792795e-05, std: 0.006544227246195078
head_1.1.weight: torch.Size([1280]) - mean: 0.9875295758247375, std: 0.002596247009932995
head_1.1.bias: torch.Size([1280]) - mean: -0.00039848676533438265, std: 0.0025227980222553015
head_1.3.weight: torch.Size([128, 1280]) - mean: -6.965958050386689e-07, std: 0.019190479069948196
head_1.3.bias: torch.Size([128]) - mean: -0.00017831585137173533, std: 0.016828840598464012
head_2.0.weight: torch.Size([1280, 2688]) - mean: 4.919495040667243e-06, std: 0.01188241969794035
head_2.0.bias: torch.Size([1280]) - mean: -0.0005033928318880498, std: 0.010959316976368427
head_2.1.weight: torch.Size([1280]) - mean: 0.9875286221504211, std: 0.002851080847904086
head_2.1.bias: torch.Size([1280]) - mean: 6.0558519180631265e-05, std: 0.002717195311561227
head_2.3.weight: torch.Size([128, 1280]) - mean: 4.9033733375836164e-05, std: 0.019508900120854378
head_2.3.bias: torch.Size([128]) - mean: -0.00014279052265919745, std: 0.01648801565170288

Parameters of Model_0:
encoder.imu_cnn_layers.features.0.weight: torch.Size([64, 1, 2, 2]) - mean: 0.008216260001063347, std: 0.29493582248687744
encoder.imu_cnn_layers.features.0.bias: torch.Size([64]) - mean: 0.0723721832036972, std: 0.23177142441272736
encoder.imu_cnn_layers.features.1.weight: torch.Size([64]) - mean: 0.9874981045722961, std: 0.02906150370836258
encoder.imu_cnn_layers.features.1.bias: torch.Size([64]) - mean: 0.006316765211522579, std: 0.03472277522087097
encoder.imu_cnn_layers.features.4.weight: torch.Size([64, 64, 2, 2]) - mean: -0.0012132448609918356, std: 0.04930296540260315
encoder.imu_cnn_layers.features.4.bias: torch.Size([64]) - mean: 0.010485498234629631, std: 0.03555753827095032
encoder.imu_cnn_layers.features.5.weight: torch.Size([64]) - mean: 0.9876434803009033, std: 0.028301795944571495
encoder.imu_cnn_layers.features.5.bias: torch.Size([64]) - mean: 0.0023268312215805054, std: 0.04281652346253395
encoder.imu_cnn_layers.features.8.weight: torch.Size([32, 64, 1, 1]) - mean: -0.0051027936860919, std: 0.0962124690413475
encoder.imu_cnn_layers.features.8.bias: torch.Size([32]) - mean: -0.0035109836608171463, std: 0.07498405128717422
encoder.imu_cnn_layers.features.9.weight: torch.Size([32]) - mean: 0.9888174533843994, std: 0.041717421263456345
encoder.imu_cnn_layers.features.9.bias: torch.Size([32]) - mean: 0.036307282745838165, std: 0.04332248866558075
encoder.imu_cnn_layers.features.12.weight: torch.Size([16, 32, 1, 1]) - mean: -0.01383117027580738, std: 0.1449265331029892
encoder.imu_cnn_layers.features.12.bias: torch.Size([16]) - mean: -0.0406663753092289, std: 0.10777797549962997
encoder.imu_cnn_layers.features.13.weight: torch.Size([16]) - mean: 0.9784338474273682, std: 0.16172656416893005
encoder.imu_cnn_layers.features.13.bias: torch.Size([16]) - mean: 0.1028263121843338, std: 0.07345911115407944
head_1.0.weight: torch.Size([1280, 7552]) - mean: 6.218957878445508e-06, std: 0.00875128898769617
head_1.0.bias: torch.Size([1280]) - mean: -0.0005491042975336313, std: 0.006590553093701601
head_1.1.weight: torch.Size([1280]) - mean: 0.9875293970108032, std: 0.005914587993174791
head_1.1.bias: torch.Size([1280]) - mean: -0.000492568127810955, std: 0.005678009707480669
head_1.3.weight: torch.Size([128, 1280]) - mean: 9.889108332572505e-05, std: 0.02320980280637741
head_1.3.bias: torch.Size([128]) - mean: 0.0008322720532305539, std: 0.020148709416389465

Parameters of Model_1:
encoder.imu_cnn_layers.features.0.weight: torch.Size([64, 1, 2, 2]) - mean: -0.021315990015864372, std: 0.292582243680954
encoder.imu_cnn_layers.features.0.bias: torch.Size([64]) - mean: 0.005314290523529053, std: 0.30314889550209045
encoder.imu_cnn_layers.features.1.weight: torch.Size([64]) - mean: 0.9874466061592102, std: 0.02924921177327633
encoder.imu_cnn_layers.features.1.bias: torch.Size([64]) - mean: -0.00023805489763617516, std: 0.03761487826704979
encoder.imu_cnn_layers.features.4.weight: torch.Size([64, 64, 2, 2]) - mean: -0.00011498170351842418, std: 0.04955342039465904
encoder.imu_cnn_layers.features.4.bias: torch.Size([64]) - mean: 0.004179939161986113, std: 0.0350254625082016
encoder.imu_cnn_layers.features.5.weight: torch.Size([64]) - mean: 0.9873144626617432, std: 0.03646126389503479
encoder.imu_cnn_layers.features.5.bias: torch.Size([64]) - mean: 0.001914450665935874, std: 0.04695502296090126
encoder.imu_cnn_layers.features.8.weight: torch.Size([32, 64, 1, 1]) - mean: -0.002171225380152464, std: 0.09712053835391998
encoder.imu_cnn_layers.features.8.bias: torch.Size([32]) - mean: -0.013049772009253502, std: 0.07365411520004272
encoder.imu_cnn_layers.features.9.weight: torch.Size([32]) - mean: 0.988179087638855, std: 0.04663510620594025
encoder.imu_cnn_layers.features.9.bias: torch.Size([32]) - mean: 0.030512113124132156, std: 0.06082227826118469
encoder.imu_cnn_layers.features.12.weight: torch.Size([16, 32, 1, 1]) - mean: -0.02897237427532673, std: 0.1439521163702011
encoder.imu_cnn_layers.features.12.bias: torch.Size([16]) - mean: 0.0018826955929398537, std: 0.09523125737905502
encoder.imu_cnn_layers.features.13.weight: torch.Size([16]) - mean: 0.9708548784255981, std: 0.1737784743309021
encoder.imu_cnn_layers.features.13.bias: torch.Size([16]) - mean: 0.11750605702400208, std: 0.12272824347019196
head_1.0.weight: torch.Size([1280, 7552]) - mean: 1.5656702089472674e-05, std: 0.008963324129581451
head_1.0.bias: torch.Size([1280]) - mean: -0.00022356491535902023, std: 0.006529994774609804
head_1.1.weight: torch.Size([1280]) - mean: 0.987535297870636, std: 0.005688303150236607
head_1.1.bias: torch.Size([1280]) - mean: -0.0006268165307119489, std: 0.005176894832402468
head_1.3.weight: torch.Size([128, 1280]) - mean: 0.00012758425145875663, std: 0.02352106384932995
head_1.3.bias: torch.Size([128]) - mean: 0.0006607138784602284, std: 0.01714373752474785

Parameters of Model_2:
encoder.skeleton_cnn_layers.features.0.weight: torch.Size([64, 1, 5, 5, 2]) - mean: 0.0012625348754227161, std: 0.104302778840065
encoder.skeleton_cnn_layers.features.0.bias: torch.Size([64]) - mean: 0.019060250371694565, std: 0.07891236990690231
encoder.skeleton_cnn_layers.features.1.weight: torch.Size([64]) - mean: 0.9872901439666748, std: 0.038859717547893524
encoder.skeleton_cnn_layers.features.1.bias: torch.Size([64]) - mean: -0.036902785301208496, std: 0.040025826543569565
encoder.skeleton_cnn_layers.features.4.weight: torch.Size([64, 64, 5, 5, 2]) - mean: 0.00017916897195391357, std: 0.02172454632818699
encoder.skeleton_cnn_layers.features.4.bias: torch.Size([64]) - mean: 0.0007968591526150703, std: 0.009822716005146503
encoder.skeleton_cnn_layers.features.5.weight: torch.Size([64]) - mean: 0.9877586364746094, std: 0.04178854450583458
encoder.skeleton_cnn_layers.features.5.bias: torch.Size([64]) - mean: -0.029904605820775032, std: 0.03852936625480652
encoder.skeleton_cnn_layers.features.8.weight: torch.Size([32, 64, 5, 5, 1]) - mean: -0.0013856844743713737, std: 0.03688551485538483
encoder.skeleton_cnn_layers.features.8.bias: torch.Size([32]) - mean: -0.001148505718447268, std: 0.011602014303207397
encoder.skeleton_cnn_layers.features.9.weight: torch.Size([32]) - mean: 0.9885994791984558, std: 0.07231330126523972
encoder.skeleton_cnn_layers.features.9.bias: torch.Size([32]) - mean: -0.0032683764584362507, std: 0.08497446775436401
encoder.skeleton_cnn_layers.features.12.weight: torch.Size([16, 32, 5, 2, 1]) - mean: -0.01149387564510107, std: 0.0760638490319252
encoder.skeleton_cnn_layers.features.12.bias: torch.Size([16]) - mean: -0.0098112178966403, std: 0.03712836652994156
encoder.skeleton_cnn_layers.features.13.weight: torch.Size([16]) - mean: 0.9930243492126465, std: 0.11914776265621185
encoder.skeleton_cnn_layers.features.13.bias: torch.Size([16]) - mean: 0.05265893414616585, std: 0.0731324553489685
head_2.0.weight: torch.Size([1280, 2688]) - mean: 3.3388725569238886e-05, std: 0.013045300729572773
head_2.0.bias: torch.Size([1280]) - mean: -0.00013410770043265074, std: 0.010826113633811474
head_2.1.weight: torch.Size([1280]) - mean: 0.9875268936157227, std: 0.0056672478094697
head_2.1.bias: torch.Size([1280]) - mean: 0.0013491916470229626, std: 0.005823834799230099
head_2.3.weight: torch.Size([128, 1280]) - mean: 0.00018929899670183659, std: 0.023576859384775162
head_2.3.bias: torch.Size([128]) - mean: 0.0029569591861218214, std: 0.02186068333685398

Parameters of Model_3:
encoder.skeleton_cnn_layers.features.0.weight: torch.Size([64, 1, 5, 5, 2]) - mean: 0.003892164444550872, std: 0.10345229506492615
encoder.skeleton_cnn_layers.features.0.bias: torch.Size([64]) - mean: 0.0027356306090950966, std: 0.08970070630311966
encoder.skeleton_cnn_layers.features.1.weight: torch.Size([64]) - mean: 0.9869198799133301, std: 0.0460834801197052
encoder.skeleton_cnn_layers.features.1.bias: torch.Size([64]) - mean: -0.03530506789684296, std: 0.03768716752529144
encoder.skeleton_cnn_layers.features.4.weight: torch.Size([64, 64, 5, 5, 2]) - mean: 0.0003465290938038379, std: 0.021083710715174675
encoder.skeleton_cnn_layers.features.4.bias: torch.Size([64]) - mean: 0.00048042781418189406, std: 0.01077582873404026
encoder.skeleton_cnn_layers.features.5.weight: torch.Size([64]) - mean: 0.987201988697052, std: 0.04405507445335388
encoder.skeleton_cnn_layers.features.5.bias: torch.Size([64]) - mean: -0.033340178430080414, std: 0.04002552852034569
encoder.skeleton_cnn_layers.features.8.weight: torch.Size([32, 64, 5, 5, 1]) - mean: -0.001487331697717309, std: 0.03563651069998741
encoder.skeleton_cnn_layers.features.8.bias: torch.Size([32]) - mean: 2.757948823273182e-05, std: 0.012780925258994102
encoder.skeleton_cnn_layers.features.9.weight: torch.Size([32]) - mean: 0.9896558523178101, std: 0.06868071109056473
encoder.skeleton_cnn_layers.features.9.bias: torch.Size([32]) - mean: -0.016300510615110397, std: 0.06062258407473564
encoder.skeleton_cnn_layers.features.12.weight: torch.Size([16, 32, 5, 2, 1]) - mean: -0.012049555778503418, std: 0.07523218542337418
encoder.skeleton_cnn_layers.features.12.bias: torch.Size([16]) - mean: -0.0020456023048609495, std: 0.037419892847537994
encoder.skeleton_cnn_layers.features.13.weight: torch.Size([16]) - mean: 0.9938907027244568, std: 0.11344848573207855
encoder.skeleton_cnn_layers.features.13.bias: torch.Size([16]) - mean: 0.0646987184882164, std: 0.06116047501564026
head_2.0.weight: torch.Size([1280, 2688]) - mean: 1.915890970849432e-05, std: 0.013036943972110748
head_2.0.bias: torch.Size([1280]) - mean: -0.00015505508054047823, std: 0.011353181675076485
head_2.1.weight: torch.Size([1280]) - mean: 0.9875308871269226, std: 0.005734479520469904
head_2.1.bias: torch.Size([1280]) - mean: 0.0008904595160856843, std: 0.005583563819527626
head_2.3.weight: torch.Size([128, 1280]) - mean: 0.000254274345934391, std: 0.023699777200818062
head_2.3.bias: torch.Size([128]) - mean: -0.0013886676169931889, std: 0.020679408684372902

Parameters of Model_4:
encoder.imu_cnn_layers.features.0.weight: torch.Size([64, 1, 2, 2]) - mean: 0.0092697162181139, std: 0.29406318068504333
encoder.imu_cnn_layers.features.0.bias: torch.Size([64]) - mean: -0.030589383095502853, std: 0.28297752141952515
encoder.imu_cnn_layers.features.1.weight: torch.Size([64]) - mean: 0.9874223470687866, std: 0.016156112775206566
encoder.imu_cnn_layers.features.1.bias: torch.Size([64]) - mean: -0.0020382190123200417, std: 0.0203503780066967
encoder.imu_cnn_layers.features.4.weight: torch.Size([64, 64, 2, 2]) - mean: -0.0006773382192477584, std: 0.041127629578113556
encoder.imu_cnn_layers.features.4.bias: torch.Size([64]) - mean: 0.006821857765316963, std: 0.03287073224782944
encoder.imu_cnn_layers.features.5.weight: torch.Size([64]) - mean: 0.9874858260154724, std: 0.019036738201975822
encoder.imu_cnn_layers.features.5.bias: torch.Size([64]) - mean: -0.002616253914311528, std: 0.017337990924715996
encoder.imu_cnn_layers.features.8.weight: torch.Size([32, 64, 1, 1]) - mean: -8.394080214202404e-05, std: 0.08077345788478851
encoder.imu_cnn_layers.features.8.bias: torch.Size([32]) - mean: 0.002659924328327179, std: 0.0706946924328804
encoder.imu_cnn_layers.features.9.weight: torch.Size([32]) - mean: 0.9874838590621948, std: 0.024039888754487038
encoder.imu_cnn_layers.features.9.bias: torch.Size([32]) - mean: 0.012672961689531803, std: 0.028264164924621582
encoder.imu_cnn_layers.features.12.weight: torch.Size([16, 32, 1, 1]) - mean: -0.004875476937741041, std: 0.1144523173570633
encoder.imu_cnn_layers.features.12.bias: torch.Size([16]) - mean: 0.01741902157664299, std: 0.08851204067468643
encoder.imu_cnn_layers.features.13.weight: torch.Size([16]) - mean: 0.9802122712135315, std: 0.10109482705593109
encoder.imu_cnn_layers.features.13.bias: torch.Size([16]) - mean: 0.07583630084991455, std: 0.05417029932141304
encoder.skeleton_cnn_layers.features.0.weight: torch.Size([64, 1, 5, 5, 2]) - mean: 0.0008542292634956539, std: 0.08894531428813934
encoder.skeleton_cnn_layers.features.0.bias: torch.Size([64]) - mean: -0.027455883100628853, std: 0.08215954899787903
encoder.skeleton_cnn_layers.features.1.weight: torch.Size([64]) - mean: 0.987358570098877, std: 0.020012101158499718
encoder.skeleton_cnn_layers.features.1.bias: torch.Size([64]) - mean: -0.018330058082938194, std: 0.015893766656517982
encoder.skeleton_cnn_layers.features.4.weight: torch.Size([64, 64, 5, 5, 2]) - mean: 0.00016870266699697822, std: 0.015393390320241451
encoder.skeleton_cnn_layers.features.4.bias: torch.Size([64]) - mean: 0.00018245168030261993, std: 0.010321156121790409
encoder.skeleton_cnn_layers.features.5.weight: torch.Size([64]) - mean: 0.9874352216720581, std: 0.016400109976530075
encoder.skeleton_cnn_layers.features.5.bias: torch.Size([64]) - mean: -0.015683740377426147, std: 0.019200362265110016
encoder.skeleton_cnn_layers.features.8.weight: torch.Size([32, 64, 5, 5, 1]) - mean: -0.00012353283818811178, std: 0.02508818544447422
encoder.skeleton_cnn_layers.features.8.bias: torch.Size([32]) - mean: -0.0019879392348229885, std: 0.016202645376324654
encoder.skeleton_cnn_layers.features.9.weight: torch.Size([32]) - mean: 0.9877825975418091, std: 0.024678505957126617
encoder.skeleton_cnn_layers.features.9.bias: torch.Size([32]) - mean: -0.016944527626037598, std: 0.031175274401903152
encoder.skeleton_cnn_layers.features.12.weight: torch.Size([16, 32, 5, 2, 1]) - mean: -0.005541470367461443, std: 0.052651721984148026
encoder.skeleton_cnn_layers.features.12.bias: torch.Size([16]) - mean: 0.008419099263846874, std: 0.03395599499344826
encoder.skeleton_cnn_layers.features.13.weight: torch.Size([16]) - mean: 0.9893043637275696, std: 0.04553570598363876
encoder.skeleton_cnn_layers.features.13.bias: torch.Size([16]) - mean: 0.01833317242562771, std: 0.029640771448612213
head_1.0.weight: torch.Size([1280, 7552]) - mean: -8.093074029602576e-06, std: 0.007567802909761667
head_1.0.bias: torch.Size([1280]) - mean: 3.773687785724178e-05, std: 0.006544227246195078
head_1.1.weight: torch.Size([1280]) - mean: 0.9875284433364868, std: 0.0026851652655750513
head_1.1.bias: torch.Size([1280]) - mean: -0.0004179762618150562, std: 0.0025366407353430986
head_1.3.weight: torch.Size([128, 1280]) - mean: -1.644689473323524e-05, std: 0.019182801246643066
head_1.3.bias: torch.Size([128]) - mean: -0.00010663160355761647, std: 0.017322013154625893
head_2.0.weight: torch.Size([1280, 2688]) - mean: 4.532615093921777e-06, std: 0.01186954602599144
head_2.0.bias: torch.Size([1280]) - mean: -0.000503392715472728, std: 0.010959316976368427
head_2.1.weight: torch.Size([1280]) - mean: 0.9875286221504211, std: 0.002771596657112241
head_2.1.bias: torch.Size([1280]) - mean: -3.317276787129231e-05, std: 0.0026721693575382233
head_2.3.weight: torch.Size([128, 1280]) - mean: 0.00016446916561108083, std: 0.01951318047940731
head_2.3.bias: torch.Size([128]) - mean: 0.0006945361383259296, std: 0.016866464167833328

