Parameters of Model_0:
encoder.imu_cnn_layers.features.0.weight: torch.Size([64, 1, 2, 2]) - mean: 0.017786527052521706, std: 0.29256337881088257
encoder.imu_cnn_layers.features.0.bias: torch.Size([64]) - mean: 0.07146957516670227, std: 0.22888046503067017
encoder.imu_cnn_layers.features.1.weight: torch.Size([64]) - mean: 0.9749836325645447, std: 0.030621018260717392
encoder.imu_cnn_layers.features.1.bias: torch.Size([64]) - mean: -0.004645327106118202, std: 0.044429581612348557
encoder.imu_cnn_layers.features.4.weight: torch.Size([64, 64, 2, 2]) - mean: -0.002416246570646763, std: 0.049700189381837845
encoder.imu_cnn_layers.features.4.bias: torch.Size([64]) - mean: 0.01035469863563776, std: 0.03511400148272514
encoder.imu_cnn_layers.features.5.weight: torch.Size([64]) - mean: 0.9755492210388184, std: 0.029163511469960213
encoder.imu_cnn_layers.features.5.bias: torch.Size([64]) - mean: -0.005553261376917362, std: 0.040964365005493164
encoder.imu_cnn_layers.features.8.weight: torch.Size([32, 64, 1, 1]) - mean: -0.008529596030712128, std: 0.09683385491371155
encoder.imu_cnn_layers.features.8.bias: torch.Size([32]) - mean: -0.0034672021865844727, std: 0.07404878735542297
encoder.imu_cnn_layers.features.9.weight: torch.Size([32]) - mean: 0.9756038784980774, std: 0.04249761998653412
encoder.imu_cnn_layers.features.9.bias: torch.Size([32]) - mean: 0.04231076315045357, std: 0.06489650905132294
encoder.imu_cnn_layers.features.12.weight: torch.Size([16, 32, 1, 1]) - mean: -0.028360873460769653, std: 0.14525333046913147
encoder.imu_cnn_layers.features.12.bias: torch.Size([16]) - mean: -0.040159206837415695, std: 0.10643374919891357
encoder.imu_cnn_layers.features.13.weight: torch.Size([16]) - mean: 0.9443824291229248, std: 0.2404627799987793
encoder.imu_cnn_layers.features.13.bias: torch.Size([16]) - mean: 0.12758655846118927, std: 0.13517962396144867
head_1.0.weight: torch.Size([1280, 7552]) - mean: 1.0359412044635974e-05, std: 0.008826673030853271
head_1.0.bias: torch.Size([1280]) - mean: -0.0005422551184892654, std: 0.006508352234959602
head_1.1.weight: torch.Size([1280]) - mean: 0.9752200245857239, std: 0.008480235002934933
head_1.1.bias: torch.Size([1280]) - mean: -0.008536039851605892, std: 0.007382536772638559
head_1.3.weight: torch.Size([128, 1280]) - mean: 0.00020268750085961074, std: 0.027608973905444145
head_1.3.bias: torch.Size([128]) - mean: 0.0011178196873515844, std: 0.022090313956141472

Parameters of Model_1:
encoder.imu_cnn_layers.features.0.weight: torch.Size([64, 1, 2, 2]) - mean: -0.015652276575565338, std: 0.2907804250717163
encoder.imu_cnn_layers.features.0.bias: torch.Size([64]) - mean: 0.005248259752988815, std: 0.29936787486076355
encoder.imu_cnn_layers.features.1.weight: torch.Size([64]) - mean: 0.9748522639274597, std: 0.030226826667785645
encoder.imu_cnn_layers.features.1.bias: torch.Size([64]) - mean: 0.007283707149326801, std: 0.044045235961675644
encoder.imu_cnn_layers.features.4.weight: torch.Size([64, 64, 2, 2]) - mean: -0.001831880072131753, std: 0.04912739619612694
encoder.imu_cnn_layers.features.4.bias: torch.Size([64]) - mean: 0.00412778789177537, std: 0.034588634967803955
encoder.imu_cnn_layers.features.5.weight: torch.Size([64]) - mean: 0.9748964309692383, std: 0.035661693662405014
encoder.imu_cnn_layers.features.5.bias: torch.Size([64]) - mean: -0.0016776256961748004, std: 0.05050906911492348
encoder.imu_cnn_layers.features.8.weight: torch.Size([32, 64, 1, 1]) - mean: -0.006191636901348829, std: 0.09534575045108795
encoder.imu_cnn_layers.features.8.bias: torch.Size([32]) - mean: -0.012887019664049149, std: 0.07273544371128082
encoder.imu_cnn_layers.features.9.weight: torch.Size([32]) - mean: 0.9752752780914307, std: 0.05159052833914757
encoder.imu_cnn_layers.features.9.bias: torch.Size([32]) - mean: 0.03516022861003876, std: 0.06792694330215454
encoder.imu_cnn_layers.features.12.weight: torch.Size([16, 32, 1, 1]) - mean: -0.034974001348018646, std: 0.14259718358516693
encoder.imu_cnn_layers.features.12.bias: torch.Size([16]) - mean: 0.0018594278953969479, std: 0.09404341876506805
encoder.imu_cnn_layers.features.13.weight: torch.Size([16]) - mean: 0.9376382827758789, std: 0.2703171372413635
encoder.imu_cnn_layers.features.13.bias: torch.Size([16]) - mean: 0.10504316538572311, std: 0.15194837749004364
head_1.0.weight: torch.Size([1280, 7552]) - mean: 2.3754389985697344e-05, std: 0.008968004025518894
head_1.0.bias: torch.Size([1280]) - mean: -0.00022077735047787428, std: 0.006448547821491957
head_1.1.weight: torch.Size([1280]) - mean: 0.9752290844917297, std: 0.008055652491748333
head_1.1.bias: torch.Size([1280]) - mean: -0.008039877749979496, std: 0.006689241621643305
head_1.3.weight: torch.Size([128, 1280]) - mean: 0.00017359161574859172, std: 0.027430428192019463
head_1.3.bias: torch.Size([128]) - mean: 0.0005856114439666271, std: 0.019463520497083664

Parameters of Model_2:
encoder.skeleton_cnn_layers.features.0.weight: torch.Size([64, 1, 5, 5, 2]) - mean: 0.0030354356858879328, std: 0.10521429777145386
encoder.skeleton_cnn_layers.features.0.bias: torch.Size([64]) - mean: 0.01882251352071762, std: 0.07792815566062927
encoder.skeleton_cnn_layers.features.1.weight: torch.Size([64]) - mean: 0.9727444052696228, std: 0.04540327191352844
encoder.skeleton_cnn_layers.features.1.bias: torch.Size([64]) - mean: -0.06535300612449646, std: 0.054441001266241074
encoder.skeleton_cnn_layers.features.4.weight: torch.Size([64, 64, 5, 5, 2]) - mean: -0.00020882564422208816, std: 0.0215347521007061
encoder.skeleton_cnn_layers.features.4.bias: torch.Size([64]) - mean: 0.0007869263645261526, std: 0.00970020517706871
encoder.skeleton_cnn_layers.features.5.weight: torch.Size([64]) - mean: 0.9750800132751465, std: 0.04437115415930748
encoder.skeleton_cnn_layers.features.5.bias: torch.Size([64]) - mean: -0.03783828765153885, std: 0.040164489299058914
encoder.skeleton_cnn_layers.features.8.weight: torch.Size([32, 64, 5, 5, 1]) - mean: -0.0025458515156060457, std: 0.03609202057123184
encoder.skeleton_cnn_layers.features.8.bias: torch.Size([32]) - mean: -0.001134191290475428, std: 0.011457325890660286
encoder.skeleton_cnn_layers.features.9.weight: torch.Size([32]) - mean: 0.9783371686935425, std: 0.06651289761066437
encoder.skeleton_cnn_layers.features.9.bias: torch.Size([32]) - mean: -0.010022775270044804, std: 0.06660320609807968
encoder.skeleton_cnn_layers.features.12.weight: torch.Size([16, 32, 5, 2, 1]) - mean: -0.015074065886437893, std: 0.07497166842222214
encoder.skeleton_cnn_layers.features.12.bias: torch.Size([16]) - mean: -0.00968888495117426, std: 0.03666525334119797
encoder.skeleton_cnn_layers.features.13.weight: torch.Size([16]) - mean: 0.9774943590164185, std: 0.17635497450828552
encoder.skeleton_cnn_layers.features.13.bias: torch.Size([16]) - mean: 0.0340932197868824, std: 0.08995278179645538
head_2.0.weight: torch.Size([1280, 2688]) - mean: 2.0790683265659027e-05, std: 0.013011792674660683
head_2.0.bias: torch.Size([1280]) - mean: -0.00013243747525848448, std: 0.0106910839676857
head_2.1.weight: torch.Size([1280]) - mean: 0.9752433896064758, std: 0.00750916451215744
head_2.1.bias: torch.Size([1280]) - mean: -0.006431898567825556, std: 0.007224813103675842
head_2.3.weight: torch.Size([128, 1280]) - mean: 7.379404996754602e-05, std: 0.027692003175616264
head_2.3.bias: torch.Size([128]) - mean: 0.004212335683405399, std: 0.024002384394407272

Parameters of Model_3:
encoder.skeleton_cnn_layers.features.0.weight: torch.Size([64, 1, 5, 5, 2]) - mean: 0.005510115530341864, std: 0.1047576516866684
encoder.skeleton_cnn_layers.features.0.bias: torch.Size([64]) - mean: 0.00270155631005764, std: 0.08858193457126617
encoder.skeleton_cnn_layers.features.1.weight: torch.Size([64]) - mean: 0.9734127521514893, std: 0.04696241393685341
encoder.skeleton_cnn_layers.features.1.bias: torch.Size([64]) - mean: -0.05778622254729271, std: 0.04756796732544899
encoder.skeleton_cnn_layers.features.4.weight: torch.Size([64, 64, 5, 5, 2]) - mean: -0.0001585139980306849, std: 0.020788362249732018
encoder.skeleton_cnn_layers.features.4.bias: torch.Size([64]) - mean: 0.000474433705676347, std: 0.01064141746610403
encoder.skeleton_cnn_layers.features.5.weight: torch.Size([64]) - mean: 0.9737300872802734, std: 0.04958110302686691
encoder.skeleton_cnn_layers.features.5.bias: torch.Size([64]) - mean: -0.04285956546664238, std: 0.05292350426316261
encoder.skeleton_cnn_layers.features.8.weight: torch.Size([32, 64, 5, 5, 1]) - mean: -0.001200059661641717, std: 0.0351986438035965
encoder.skeleton_cnn_layers.features.8.bias: torch.Size([32]) - mean: 2.724712248891592e-05, std: 0.012621480040252209
encoder.skeleton_cnn_layers.features.9.weight: torch.Size([32]) - mean: 0.9756406545639038, std: 0.08052495121955872
encoder.skeleton_cnn_layers.features.9.bias: torch.Size([32]) - mean: -0.028437264263629913, std: 0.07695011794567108
encoder.skeleton_cnn_layers.features.12.weight: torch.Size([16, 32, 5, 2, 1]) - mean: -0.015024164691567421, std: 0.07471157610416412
encoder.skeleton_cnn_layers.features.12.bias: torch.Size([16]) - mean: -0.0020200423896312714, std: 0.036953121423721313
encoder.skeleton_cnn_layers.features.13.weight: torch.Size([16]) - mean: 0.9768270254135132, std: 0.16767990589141846
encoder.skeleton_cnn_layers.features.13.bias: torch.Size([16]) - mean: -0.05223619565367699, std: 0.08673209697008133
head_2.0.weight: torch.Size([1280, 2688]) - mean: 5.144448778082733e-07, std: 0.012993230484426022
head_2.0.bias: torch.Size([1280]) - mean: -0.000153121814946644, std: 0.01121157594025135
head_2.1.weight: torch.Size([1280]) - mean: 0.9752423167228699, std: 0.007701418362557888
head_2.1.bias: torch.Size([1280]) - mean: -0.006485359277576208, std: 0.007089563645422459
head_2.3.weight: torch.Size([128, 1280]) - mean: 5.1577251724665985e-05, std: 0.027657046914100647
head_2.3.bias: torch.Size([128]) - mean: -0.0003030064981430769, std: 0.021783895790576935

Parameters of Model_4:
encoder.imu_cnn_layers.features.0.weight: torch.Size([64, 1, 2, 2]) - mean: 0.007723061367869377, std: 0.2937382161617279
encoder.imu_cnn_layers.features.0.bias: torch.Size([64]) - mean: -0.030207626521587372, std: 0.27944791316986084
encoder.imu_cnn_layers.features.1.weight: torch.Size([64]) - mean: 0.9747991561889648, std: 0.023728998377919197
encoder.imu_cnn_layers.features.1.bias: torch.Size([64]) - mean: -0.00816267542541027, std: 0.03669477999210358
encoder.imu_cnn_layers.features.4.weight: torch.Size([64, 64, 2, 2]) - mean: -0.002791955368593335, std: 0.04363485425710678
encoder.imu_cnn_layers.features.4.bias: torch.Size([64]) - mean: 0.006736753974109888, std: 0.03246070444583893
encoder.imu_cnn_layers.features.5.weight: torch.Size([64]) - mean: 0.9752041101455688, std: 0.02404743805527687
encoder.imu_cnn_layers.features.5.bias: torch.Size([64]) - mean: -0.011984318494796753, std: 0.024991990998387337
encoder.imu_cnn_layers.features.8.weight: torch.Size([32, 64, 1, 1]) - mean: -0.005736425518989563, std: 0.08496378362178802
encoder.imu_cnn_layers.features.8.bias: torch.Size([32]) - mean: 0.0026266914792358875, std: 0.06981288641691208
encoder.imu_cnn_layers.features.9.weight: torch.Size([32]) - mean: 0.9752964377403259, std: 0.028678037226200104
encoder.imu_cnn_layers.features.9.bias: torch.Size([32]) - mean: 0.013068480417132378, std: 0.04394994303584099
encoder.imu_cnn_layers.features.12.weight: torch.Size([16, 32, 1, 1]) - mean: -0.021027669310569763, std: 0.12155938148498535
encoder.imu_cnn_layers.features.12.bias: torch.Size([16]) - mean: 0.017201730981469154, std: 0.08740818500518799
encoder.imu_cnn_layers.features.13.weight: torch.Size([16]) - mean: 0.9631685018539429, std: 0.12874941527843475
encoder.imu_cnn_layers.features.13.bias: torch.Size([16]) - mean: 0.09642195701599121, std: 0.08492279797792435
encoder.skeleton_cnn_layers.features.0.weight: torch.Size([64, 1, 5, 5, 2]) - mean: 0.003855874063447118, std: 0.09308550506830215
encoder.skeleton_cnn_layers.features.0.bias: torch.Size([64]) - mean: -0.02711346372961998, std: 0.08113473653793335
encoder.skeleton_cnn_layers.features.1.weight: torch.Size([64]) - mean: 0.9747898578643799, std: 0.027640847489237785
encoder.skeleton_cnn_layers.features.1.bias: torch.Size([64]) - mean: -0.026279576122760773, std: 0.025946052744984627
encoder.skeleton_cnn_layers.features.4.weight: torch.Size([64, 64, 5, 5, 2]) - mean: -0.00010501875658519566, std: 0.016649341210722923
encoder.skeleton_cnn_layers.features.4.bias: torch.Size([64]) - mean: 0.00018017960246652365, std: 0.010192424058914185
encoder.skeleton_cnn_layers.features.5.weight: torch.Size([64]) - mean: 0.9750398397445679, std: 0.02740802802145481
encoder.skeleton_cnn_layers.features.5.bias: torch.Size([64]) - mean: -0.016639258712530136, std: 0.028654491528868675
encoder.skeleton_cnn_layers.features.8.weight: torch.Size([32, 64, 5, 5, 1]) - mean: -0.0012911760713905096, std: 0.027147220447659492
encoder.skeleton_cnn_layers.features.8.bias: torch.Size([32]) - mean: -0.0019631306640803814, std: 0.01600058563053608
encoder.skeleton_cnn_layers.features.9.weight: torch.Size([32]) - mean: 0.9756309390068054, std: 0.04659344628453255
encoder.skeleton_cnn_layers.features.9.bias: torch.Size([32]) - mean: -0.01007765717804432, std: 0.04099995642900467
encoder.skeleton_cnn_layers.features.12.weight: torch.Size([16, 32, 5, 2, 1]) - mean: -0.007991276681423187, std: 0.05834097042679787
encoder.skeleton_cnn_layers.features.12.bias: torch.Size([16]) - mean: 0.008314087986946106, std: 0.03353244066238403
encoder.skeleton_cnn_layers.features.13.weight: torch.Size([16]) - mean: 0.9739639759063721, std: 0.09972533583641052
encoder.skeleton_cnn_layers.features.13.bias: torch.Size([16]) - mean: 0.01039249636232853, std: 0.0813492015004158
head_1.0.weight: torch.Size([1280, 7552]) - mean: -1.6300124116241932e-05, std: 0.008016187697649002
head_1.0.bias: torch.Size([1280]) - mean: 3.726646173163317e-05, std: 0.006462602876126766
head_1.1.weight: torch.Size([1280]) - mean: 0.9752220511436462, std: 0.004595329985022545
head_1.1.bias: torch.Size([1280]) - mean: -0.0037369360215961933, std: 0.0039880587719380856
head_1.3.weight: torch.Size([128, 1280]) - mean: 2.2022408302291296e-05, std: 0.022012148052453995
head_1.3.bias: torch.Size([128]) - mean: -0.00010989129077643156, std: 0.017328960821032524
head_2.0.weight: torch.Size([1280, 2688]) - mean: -1.0455589290359057e-05, std: 0.012079477310180664
head_2.0.bias: torch.Size([1280]) - mean: -0.0004971143789589405, std: 0.010822624899446964
head_2.1.weight: torch.Size([1280]) - mean: 0.9752203226089478, std: 0.004193344619125128
head_2.1.bias: torch.Size([1280]) - mean: -0.002774482360109687, std: 0.0036042563151568174
head_2.3.weight: torch.Size([128, 1280]) - mean: -4.72584451927105e-06, std: 0.021825125440955162
head_2.3.bias: torch.Size([128]) - mean: -0.0010619370732456446, std: 0.017951352521777153

Parameters of Model_0:
encoder.imu_cnn_layers.features.0.weight: torch.Size([64, 1, 2, 2]) - mean: 0.015457767993211746, std: 0.2932399809360504
encoder.imu_cnn_layers.features.0.bias: torch.Size([64]) - mean: 0.07146959006786346, std: 0.22888047993183136
encoder.imu_cnn_layers.features.1.weight: torch.Size([64]) - mean: 0.9748177528381348, std: 0.033353790640830994
encoder.imu_cnn_layers.features.1.bias: torch.Size([64]) - mean: 0.006724138278514147, std: 0.04376659914851189
encoder.imu_cnn_layers.features.4.weight: torch.Size([64, 64, 2, 2]) - mean: -0.0024546680506318808, std: 0.049348361790180206
encoder.imu_cnn_layers.features.4.bias: torch.Size([64]) - mean: 0.010354702360928059, std: 0.035113997757434845
encoder.imu_cnn_layers.features.5.weight: torch.Size([64]) - mean: 0.9752418994903564, std: 0.03221862018108368
encoder.imu_cnn_layers.features.5.bias: torch.Size([64]) - mean: -0.0020710728131234646, std: 0.04545089602470398
encoder.imu_cnn_layers.features.8.weight: torch.Size([32, 64, 1, 1]) - mean: -0.00958212185651064, std: 0.09615602344274521
encoder.imu_cnn_layers.features.8.bias: torch.Size([32]) - mean: -0.0034672003239393234, std: 0.07404877990484238
encoder.imu_cnn_layers.features.9.weight: torch.Size([32]) - mean: 0.9761769771575928, std: 0.04797162860631943
encoder.imu_cnn_layers.features.9.bias: torch.Size([32]) - mean: 0.04133736342191696, std: 0.0493975505232811
encoder.imu_cnn_layers.features.12.weight: torch.Size([16, 32, 1, 1]) - mean: -0.029821377247571945, std: 0.14410170912742615
encoder.imu_cnn_layers.features.12.bias: torch.Size([16]) - mean: -0.040159162133932114, std: 0.10643373429775238
encoder.imu_cnn_layers.features.13.weight: torch.Size([16]) - mean: 0.9528282880783081, std: 0.21935106813907623
encoder.imu_cnn_layers.features.13.bias: torch.Size([16]) - mean: 0.12397914379835129, std: 0.09938782453536987
head_1.0.weight: torch.Size([1280, 7552]) - mean: 1.1031806025130209e-05, std: 0.008813389576971531
head_1.0.bias: torch.Size([1280]) - mean: -0.0005422551766969264, std: 0.006508352234959602
head_1.1.weight: torch.Size([1280]) - mean: 0.9752277731895447, std: 0.008585510775446892
head_1.1.bias: torch.Size([1280]) - mean: -0.009065216407179832, std: 0.00720097403973341
head_1.3.weight: torch.Size([128, 1280]) - mean: 0.000560568762011826, std: 0.027936069294810295
head_1.3.bias: torch.Size([128]) - mean: 0.002177448710426688, std: 0.021737370640039444

Parameters of Model_1:
encoder.imu_cnn_layers.features.0.weight: torch.Size([64, 1, 2, 2]) - mean: -0.01912788860499859, std: 0.2905522286891937
encoder.imu_cnn_layers.features.0.bias: torch.Size([64]) - mean: 0.005248270928859711, std: 0.29936790466308594
encoder.imu_cnn_layers.features.1.weight: torch.Size([64]) - mean: 0.9746371507644653, std: 0.03478208929300308
encoder.imu_cnn_layers.features.1.bias: torch.Size([64]) - mean: -0.0062123993411660194, std: 0.04744063690304756
encoder.imu_cnn_layers.features.4.weight: torch.Size([64, 64, 2, 2]) - mean: -0.0005569205386564136, std: 0.0495406910777092
encoder.imu_cnn_layers.features.4.bias: torch.Size([64]) - mean: 0.004127785097807646, std: 0.034588634967803955
encoder.imu_cnn_layers.features.5.weight: torch.Size([64]) - mean: 0.9751533269882202, std: 0.03776754066348076
encoder.imu_cnn_layers.features.5.bias: torch.Size([64]) - mean: -0.0034147026017308235, std: 0.04553746059536934
encoder.imu_cnn_layers.features.8.weight: torch.Size([32, 64, 1, 1]) - mean: -0.005203606560826302, std: 0.09717816859483719
encoder.imu_cnn_layers.features.8.bias: torch.Size([32]) - mean: -0.012887012213468552, std: 0.07273541390895844
encoder.imu_cnn_layers.features.9.weight: torch.Size([32]) - mean: 0.974800169467926, std: 0.05651218816637993
encoder.imu_cnn_layers.features.9.bias: torch.Size([32]) - mean: 0.031144605949521065, std: 0.07552097737789154
encoder.imu_cnn_layers.features.12.weight: torch.Size([16, 32, 1, 1]) - mean: -0.04328136146068573, std: 0.14231252670288086
encoder.imu_cnn_layers.features.12.bias: torch.Size([16]) - mean: 0.0018594316206872463, std: 0.09404344856739044
encoder.imu_cnn_layers.features.13.weight: torch.Size([16]) - mean: 0.9320048093795776, std: 0.2705218493938446
encoder.imu_cnn_layers.features.13.bias: torch.Size([16]) - mean: 0.12205260992050171, std: 0.17035751044750214
head_1.0.weight: torch.Size([1280, 7552]) - mean: 2.140277501894161e-05, std: 0.009017080999910831
head_1.0.bias: torch.Size([1280]) - mean: -0.00022077749599702656, std: 0.006448547821491957
head_1.1.weight: torch.Size([1280]) - mean: 0.9752325415611267, std: 0.008410122245550156
head_1.1.bias: torch.Size([1280]) - mean: -0.008281181566417217, std: 0.0070051271468400955
head_1.3.weight: torch.Size([128, 1280]) - mean: 0.0005098471883684397, std: 0.027892088517546654
head_1.3.bias: torch.Size([128]) - mean: 0.001529152737930417, std: 0.01970035582780838

Parameters of Model_2:
encoder.skeleton_cnn_layers.features.0.weight: torch.Size([64, 1, 5, 5, 2]) - mean: 0.0013913249131292105, std: 0.10602740943431854
encoder.skeleton_cnn_layers.features.0.bias: torch.Size([64]) - mean: 0.01882251352071762, std: 0.07792816311120987
encoder.skeleton_cnn_layers.features.1.weight: torch.Size([64]) - mean: 0.9734407663345337, std: 0.04902646318078041
encoder.skeleton_cnn_layers.features.1.bias: torch.Size([64]) - mean: -0.05512160807847977, std: 0.05169397220015526
encoder.skeleton_cnn_layers.features.4.weight: torch.Size([64, 64, 5, 5, 2]) - mean: -5.1598828576970845e-05, std: 0.021903153508901596
encoder.skeleton_cnn_layers.features.4.bias: torch.Size([64]) - mean: 0.0007869269466027617, std: 0.009700203314423561
encoder.skeleton_cnn_layers.features.5.weight: torch.Size([64]) - mean: 0.9744707345962524, std: 0.04974021017551422
encoder.skeleton_cnn_layers.features.5.bias: torch.Size([64]) - mean: -0.04250933974981308, std: 0.048571400344371796
encoder.skeleton_cnn_layers.features.8.weight: torch.Size([32, 64, 5, 5, 1]) - mean: -0.0014960527187213302, std: 0.037081241607666016
encoder.skeleton_cnn_layers.features.8.bias: torch.Size([32]) - mean: -0.0011341890785843134, std: 0.011457324959337711
encoder.skeleton_cnn_layers.features.9.weight: torch.Size([32]) - mean: 0.9765262007713318, std: 0.08161675184965134
encoder.skeleton_cnn_layers.features.9.bias: torch.Size([32]) - mean: -0.021441493183374405, std: 0.08148803561925888
encoder.skeleton_cnn_layers.features.12.weight: torch.Size([16, 32, 5, 2, 1]) - mean: -0.01682424172759056, std: 0.07595481723546982
encoder.skeleton_cnn_layers.features.12.bias: torch.Size([16]) - mean: -0.009688864462077618, std: 0.036665257066488266
encoder.skeleton_cnn_layers.features.13.weight: torch.Size([16]) - mean: 0.9806956052780151, std: 0.14343039691448212
encoder.skeleton_cnn_layers.features.13.bias: torch.Size([16]) - mean: 0.029737306758761406, std: 0.0841197818517685
head_2.0.weight: torch.Size([1280, 2688]) - mean: -1.367624008707935e-06, std: 0.013032116927206516
head_2.0.bias: torch.Size([1280]) - mean: -0.00013243718422017992, std: 0.0106910839676857
head_2.1.weight: torch.Size([1280]) - mean: 0.9752485156059265, std: 0.007549779489636421
head_2.1.bias: torch.Size([1280]) - mean: -0.007155418395996094, std: 0.007055660709738731
head_2.3.weight: torch.Size([128, 1280]) - mean: 0.00043640154763124883, std: 0.027980362996459007
head_2.3.bias: torch.Size([128]) - mean: 0.003421480068936944, std: 0.023237382993102074

Parameters of Model_3:
encoder.skeleton_cnn_layers.features.0.weight: torch.Size([64, 1, 5, 5, 2]) - mean: 0.003646387020125985, std: 0.10506925731897354
encoder.skeleton_cnn_layers.features.0.bias: torch.Size([64]) - mean: 0.0027015600353479385, std: 0.08858193457126617
encoder.skeleton_cnn_layers.features.1.weight: torch.Size([64]) - mean: 0.9739032983779907, std: 0.051241640001535416
encoder.skeleton_cnn_layers.features.1.bias: torch.Size([64]) - mean: -0.04996802657842636, std: 0.039487723261117935
encoder.skeleton_cnn_layers.features.4.weight: torch.Size([64, 64, 5, 5, 2]) - mean: 0.00010051686695078388, std: 0.021232252940535545
encoder.skeleton_cnn_layers.features.4.bias: torch.Size([64]) - mean: 0.0004744324542116374, std: 0.01064141746610403
encoder.skeleton_cnn_layers.features.5.weight: torch.Size([64]) - mean: 0.9741132259368896, std: 0.04820246249437332
encoder.skeleton_cnn_layers.features.5.bias: torch.Size([64]) - mean: -0.04441332072019577, std: 0.04869289696216583
encoder.skeleton_cnn_layers.features.8.weight: torch.Size([32, 64, 5, 5, 1]) - mean: -0.0020996355451643467, std: 0.035803839564323425
encoder.skeleton_cnn_layers.features.8.bias: torch.Size([32]) - mean: 2.7247704565525055e-05, std: 0.012621480040252209
encoder.skeleton_cnn_layers.features.9.weight: torch.Size([32]) - mean: 0.9765782952308655, std: 0.07324641197919846
encoder.skeleton_cnn_layers.features.9.bias: torch.Size([32]) - mean: -0.04075607657432556, std: 0.06964632123708725
encoder.skeleton_cnn_layers.features.12.weight: torch.Size([16, 32, 5, 2, 1]) - mean: -0.015909358859062195, std: 0.07542870938777924
encoder.skeleton_cnn_layers.features.12.bias: torch.Size([16]) - mean: -0.002020033076405525, std: 0.03695312514901161
encoder.skeleton_cnn_layers.features.13.weight: torch.Size([16]) - mean: 0.9733855128288269, std: 0.18766632676124573
encoder.skeleton_cnn_layers.features.13.bias: torch.Size([16]) - mean: 0.032679785043001175, std: 0.09201284497976303
head_2.0.weight: torch.Size([1280, 2688]) - mean: -3.0629325920017436e-05, std: 0.013032346032559872
head_2.0.bias: torch.Size([1280]) - mean: -0.00015312168397940695, std: 0.01121157594025135
head_2.1.weight: torch.Size([1280]) - mean: 0.975254476070404, std: 0.007344233337789774
head_2.1.bias: torch.Size([1280]) - mean: -0.007403451483696699, std: 0.006596420891582966
head_2.3.weight: torch.Size([128, 1280]) - mean: 0.00043401384027674794, std: 0.02818438410758972
head_2.3.bias: torch.Size([128]) - mean: -0.001030787592753768, std: 0.02285137213766575

Parameters of Model_4:
encoder.imu_cnn_layers.features.0.weight: torch.Size([64, 1, 2, 2]) - mean: 0.011293457821011543, std: 0.29335442185401917
encoder.imu_cnn_layers.features.0.bias: torch.Size([64]) - mean: -0.030207617208361626, std: 0.2794479429721832
encoder.imu_cnn_layers.features.1.weight: torch.Size([64]) - mean: 0.9750053286552429, std: 0.020873278379440308
encoder.imu_cnn_layers.features.1.bias: torch.Size([64]) - mean: -0.0002259328030049801, std: 0.032445721328258514
encoder.imu_cnn_layers.features.4.weight: torch.Size([64, 64, 2, 2]) - mean: -0.0019307681359350681, std: 0.04326080158352852
encoder.imu_cnn_layers.features.4.bias: torch.Size([64]) - mean: 0.006736756302416325, std: 0.03246070072054863
encoder.imu_cnn_layers.features.5.weight: torch.Size([64]) - mean: 0.9753658175468445, std: 0.021616829559206963
encoder.imu_cnn_layers.features.5.bias: torch.Size([64]) - mean: -0.006624508649110794, std: 0.02236146479845047
encoder.imu_cnn_layers.features.8.weight: torch.Size([32, 64, 1, 1]) - mean: -0.0072662848979234695, std: 0.08456305414438248
encoder.imu_cnn_layers.features.8.bias: torch.Size([32]) - mean: 0.002626701258122921, std: 0.06981290131807327
encoder.imu_cnn_layers.features.9.weight: torch.Size([32]) - mean: 0.9752525091171265, std: 0.028186248615384102
encoder.imu_cnn_layers.features.9.bias: torch.Size([32]) - mean: 0.02187325991690159, std: 0.04227630794048309
encoder.imu_cnn_layers.features.12.weight: torch.Size([16, 32, 1, 1]) - mean: -0.019565436989068985, std: 0.12238716334104538
encoder.imu_cnn_layers.features.12.bias: torch.Size([16]) - mean: 0.01720173843204975, std: 0.08740819245576859
encoder.imu_cnn_layers.features.13.weight: torch.Size([16]) - mean: 0.9577440023422241, std: 0.16226686537265778
encoder.imu_cnn_layers.features.13.bias: torch.Size([16]) - mean: 0.1044597402215004, std: 0.08460124582052231
encoder.skeleton_cnn_layers.features.0.weight: torch.Size([64, 1, 5, 5, 2]) - mean: 0.0006372896605171263, std: 0.09320607781410217
encoder.skeleton_cnn_layers.features.0.bias: torch.Size([64]) - mean: -0.027113473042845726, std: 0.08113475143909454
encoder.skeleton_cnn_layers.features.1.weight: torch.Size([64]) - mean: 0.9750387668609619, std: 0.026187987998127937
encoder.skeleton_cnn_layers.features.1.bias: torch.Size([64]) - mean: -0.02036997303366661, std: 0.023464953526854515
encoder.skeleton_cnn_layers.features.4.weight: torch.Size([64, 64, 5, 5, 2]) - mean: -5.9083380619995296e-05, std: 0.016647782176733017
encoder.skeleton_cnn_layers.features.4.bias: torch.Size([64]) - mean: 0.00018017948605120182, std: 0.01019242312759161
encoder.skeleton_cnn_layers.features.5.weight: torch.Size([64]) - mean: 0.9751945734024048, std: 0.024552645161747932
encoder.skeleton_cnn_layers.features.5.bias: torch.Size([64]) - mean: -0.014832951128482819, std: 0.023295298218727112
encoder.skeleton_cnn_layers.features.8.weight: torch.Size([32, 64, 5, 5, 1]) - mean: -0.0009303851402364671, std: 0.027034910395741463
encoder.skeleton_cnn_layers.features.8.bias: torch.Size([32]) - mean: -0.0019631257746368647, std: 0.01600058376789093
encoder.skeleton_cnn_layers.features.9.weight: torch.Size([32]) - mean: 0.9758996367454529, std: 0.035926468670368195
encoder.skeleton_cnn_layers.features.9.bias: torch.Size([32]) - mean: -0.01244639977812767, std: 0.0378115177154541
encoder.skeleton_cnn_layers.features.12.weight: torch.Size([16, 32, 5, 2, 1]) - mean: -0.008886870928108692, std: 0.05691950395703316
encoder.skeleton_cnn_layers.features.12.bias: torch.Size([16]) - mean: 0.008314086124300957, std: 0.033532433211803436
encoder.skeleton_cnn_layers.features.13.weight: torch.Size([16]) - mean: 0.978439450263977, std: 0.07083483785390854
encoder.skeleton_cnn_layers.features.13.bias: torch.Size([16]) - mean: 0.013685464859008789, std: 0.03520873561501503
head_1.0.weight: torch.Size([1280, 7552]) - mean: -1.9833458281937055e-05, std: 0.008009062148630619
head_1.0.bias: torch.Size([1280]) - mean: 3.726661088876426e-05, std: 0.006462602876126766
head_1.1.weight: torch.Size([1280]) - mean: 0.9752203226089478, std: 0.004623545333743095
head_1.1.bias: torch.Size([1280]) - mean: -0.0035839099436998367, std: 0.0039850203320384026
head_1.3.weight: torch.Size([128, 1280]) - mean: 7.096435001585633e-05, std: 0.02194729633629322
head_1.3.bias: torch.Size([128]) - mean: 3.503594780340791e-05, std: 0.01772131398320198
head_2.0.weight: torch.Size([1280, 2688]) - mean: -1.8161099433200434e-05, std: 0.012069853022694588
head_2.0.bias: torch.Size([1280]) - mean: -0.0004971139715053141, std: 0.010822624899446964
head_2.1.weight: torch.Size([1280]) - mean: 0.9752227663993835, std: 0.004132240545004606
head_2.1.bias: torch.Size([1280]) - mean: -0.0028869635425508022, std: 0.003670966485515237
head_2.3.weight: torch.Size([128, 1280]) - mean: 9.267139103030786e-05, std: 0.021790068596601486
head_2.3.bias: torch.Size([128]) - mean: 0.0007476220489479601, std: 0.016700563952326775

